# JRE version: Java(TM) SE Runtime Environment (7.0_45-b18) (build 1.7.0_45-b18)
# Java VM: Java HotSpot(TM) 64-Bit Server VM (24.45-b08 mixed mode windows-amd64 compressed oops)
Heap
 PSYoungGen      total 28672K, used 13804K [0x00000000e0880000, 0x00000000e2800000, 0x0000000100000000)
  eden space 25088K, 40% used [0x00000000e0880000,0x00000000e1282ca0,0x00000000e2100000)
  from space 3584K, 99% used [0x00000000e2480000,0x00000000e27f8460,0x00000000e2800000)
  to   space 3584K, 0% used [0x00000000e2100000,0x00000000e2100000,0x00000000e2480000)
 ParOldGen       total 64000K, used 19854K [0x00000000a1a00000, 0x00000000a5880000, 0x00000000e0880000)
  object space 64000K, 31% used [0x00000000a1a00000,0x00000000a2d63af8,0x00000000a5880000)
 PSPermGen       total 21504K, used 19815K [0x000000009c800000, 0x000000009dd00000, 0x00000000a1a00000)
  object space 21504K, 92% used [0x000000009c800000,0x000000009db59ef8,0x000000009dd00000)
GC Heap History (8 events):
Event: 80.045 GC heap before
{Heap before GC invocations=1 (full 0):
 PSYoungGen      total 28672K, used 25088K [0x00000000e0880000, 0x00000000e2800000, 0x0000000100000000)
  eden space 25088K, 100% used [0x00000000e0880000,0x00000000e2100000,0x00000000e2100000)
  from space 3584K, 0% used [0x00000000e2480000,0x00000000e2480000,0x00000000e2800000)
  to   space 3584K, 0% used [0x00000000e2100000,0x00000000e2100000,0x00000000e2480000)
 ParOldGen       total 64000K, used 0K [0x00000000a1a00000, 0x00000000a5880000, 0x00000000e0880000)
  object space 64000K, 0% used [0x00000000a1a00000,0x00000000a1a00000,0x00000000a5880000)
 PSPermGen       total 21504K, used 15066K [0x000000009c800000, 0x000000009dd00000, 0x00000000a1a00000)
  object space 21504K, 70% used [0x000000009c800000,0x000000009d6b6ac8,0x000000009dd00000)
Event: 80.054 GC heap after
Heap after GC invocations=1 (full 0):
 PSYoungGen      total 28672K, used 3582K [0x00000000e0880000, 0x00000000e2800000, 0x0000000100000000)
  eden space 25088K, 0% used [0x00000000e0880000,0x00000000e0880000,0x00000000e2100000)
  from space 3584K, 99% used [0x00000000e2100000,0x00000000e247fbe8,0x00000000e2480000)
  to   space 3584K, 0% used [0x00000000e2480000,0x00000000e2480000,0x00000000e2800000)
 ParOldGen       total 64000K, used 4849K [0x00000000a1a00000, 0x00000000a5880000, 0x00000000e0880000)
  object space 64000K, 7% used [0x00000000a1a00000,0x00000000a1ebc618,0x00000000a5880000)
 PSPermGen       total 21504K, used 15066K [0x000000009c800000, 0x000000009dd00000, 0x00000000a1a00000)
  object space 21504K, 70% used [0x000000009c800000,0x000000009d6b6ac8,0x000000009dd00000)
}
Event: 409.438 GC heap before
{Heap before GC invocations=2 (full 0):
 PSYoungGen      total 28672K, used 28670K [0x00000000e0880000, 0x00000000e2800000, 0x0000000100000000)
  eden space 25088K, 100% used [0x00000000e0880000,0x00000000e2100000,0x00000000e2100000)
  from space 3584K, 99% used [0x00000000e2100000,0x00000000e247fbe8,0x00000000e2480000)
  to   space 3584K, 0% used [0x00000000e2480000,0x00000000e2480000,0x00000000e2800000)
 ParOldGen       total 64000K, used 4849K [0x00000000a1a00000, 0x00000000a5880000, 0x00000000e0880000)
  object space 64000K, 7% used [0x00000000a1a00000,0x00000000a1ebc618,0x00000000a5880000)
 PSPermGen       total 21504K, used 17665K [0x000000009c800000, 0x000000009dd00000, 0x00000000a1a00000)
  object space 21504K, 82% used [0x000000009c800000,0x000000009d940730,0x000000009dd00000)
Event: 409.450 GC heap after
Heap after GC invocations=2 (full 0):
 PSYoungGen      total 28672K, used 3553K [0x00000000e0880000, 0x00000000e2800000, 0x0000000100000000)
  eden space 25088K, 0% used [0x00000000e0880000,0x00000000e0880000,0x00000000e2100000)
  from space 3584K, 99% used [0x00000000e2480000,0x00000000e27f8470,0x00000000e2800000)
  to   space 3584K, 0% used [0x00000000e2100000,0x00000000e2100000,0x00000000e2480000)
 ParOldGen       total 64000K, used 14675K [0x00000000a1a00000, 0x00000000a5880000, 0x00000000e0880000)
  object space 64000K, 22% used [0x00000000a1a00000,0x00000000a2854e60,0x00000000a5880000)
 PSPermGen       total 21504K, used 17665K [0x000000009c800000, 0x000000009dd00000, 0x00000000a1a00000)
  object space 21504K, 82% used [0x000000009c800000,0x000000009d940730,0x000000009dd00000)
}
Event: 447.725 GC heap before
{Heap before GC invocations=3 (full 0):
 PSYoungGen      total 28672K, used 28641K [0x00000000e0880000, 0x00000000e2800000, 0x0000000100000000)
  eden space 25088K, 100% used [0x00000000e0880000,0x00000000e2100000,0x00000000e2100000)
  from space 3584K, 99% used [0x00000000e2480000,0x00000000e27f8470,0x00000000e2800000)
  to   space 3584K, 0% used [0x00000000e2100000,0x00000000e2100000,0x00000000e2480000)
 ParOldGen       total 64000K, used 14675K [0x00000000a1a00000, 0x00000000a5880000, 0x00000000e0880000)
  object space 64000K, 22% used [0x00000000a1a00000,0x00000000a2854e60,0x00000000a5880000)
 PSPermGen       total 21504K, used 17809K [0x000000009c800000, 0x000000009dd00000, 0x00000000a1a00000)
  object space 21504K, 82% used [0x000000009c800000,0x000000009d964670,0x000000009dd00000)
Event: 447.743 GC heap after
Heap after GC invocations=3 (full 0):
 PSYoungGen      total 28672K, used 3425K [0x00000000e0880000, 0x00000000e2800000, 0x0000000100000000)
  eden space 25088K, 0% used [0x00000000e0880000,0x00000000e0880000,0x00000000e2100000)
  from space 3584K, 95% used [0x00000000e2100000,0x00000000e2458460,0x00000000e2480000)
  to   space 3584K, 0% used [0x00000000e2480000,0x00000000e2480000,0x00000000e2800000)
 ParOldGen       total 64000K, used 15067K [0x00000000a1a00000, 0x00000000a5880000, 0x00000000e0880000)
  object space 64000K, 23% used [0x00000000a1a00000,0x00000000a28b6e80,0x00000000a5880000)
 PSPermGen       total 21504K, used 17809K [0x000000009c800000, 0x000000009dd00000, 0x00000000a1a00000)
  object space 21504K, 82% used [0x000000009c800000,0x000000009d964670,0x000000009dd00000)
}
Event: 532.976 GC heap before
{Heap before GC invocations=4 (full 0):
 PSYoungGen      total 28672K, used 28513K [0x00000000e0880000, 0x00000000e2800000, 0x0000000100000000)
  eden space 25088K, 100% used [0x00000000e0880000,0x00000000e2100000,0x00000000e2100000)
  from space 3584K, 95% used [0x00000000e2100000,0x00000000e2458460,0x00000000e2480000)
  to   space 3584K, 0% used [0x00000000e2480000,0x00000000e2480000,0x00000000e2800000)
 ParOldGen       total 64000K, used 15067K [0x00000000a1a00000, 0x00000000a5880000, 0x00000000e0880000)
  object space 64000K, 23% used [0x00000000a1a00000,0x00000000a28b6e80,0x00000000a5880000)
 PSPermGen       total 21504K, used 18359K [0x000000009c800000, 0x000000009dd00000, 0x00000000a1a00000)
  object space 21504K, 85% used [0x000000009c800000,0x000000009d9ede20,0x000000009dd00000)
Event: 532.985 GC heap after
Heap after GC invocations=4 (full 0):
 PSYoungGen      total 28672K, used 3553K [0x00000000e0880000, 0x00000000e2800000, 0x0000000100000000)
  eden space 25088K, 0% used [0x00000000e0880000,0x00000000e0880000,0x00000000e2100000)
  from space 3584K, 99% used [0x00000000e2480000,0x00000000e27f8460,0x00000000e2800000)
  to   space 3584K, 0% used [0x00000000e2100000,0x00000000e2100000,0x00000000e2480000)
 ParOldGen       total 64000K, used 19854K [0x00000000a1a00000, 0x00000000a5880000, 0x00000000e0880000)
  object space 64000K, 31% used [0x00000000a1a00000,0x00000000a2d63af8,0x00000000a5880000)
 PSPermGen       total 21504K, used 18359K [0x000000009c800000, 0x000000009dd00000, 0x00000000a1a00000)
  object space 21504K, 85% used [0x000000009c800000,0x000000009d9ede20,0x000000009dd00000)
}

